[debug] [2022-07-26T15:22:41.897Z] ----------------------------------------------------------------------
[debug] [2022-07-26T15:22:41.901Z] Command:       C:\Program Files\nodejs\node.exe C:\Users\Asus\AppData\Roaming\npm\node_modules\firebase-tools\lib\bin\firebase.js init
[debug] [2022-07-26T15:22:41.901Z] CLI Version:   11.3.0
[debug] [2022-07-26T15:22:41.902Z] Platform:      win32
[debug] [2022-07-26T15:22:41.902Z] Node Version:  v16.15.1
[debug] [2022-07-26T15:22:41.904Z] Time:          Tue Jul 26 2022 20:52:41 GMT+0530 (India Standard Time)
[debug] [2022-07-26T15:22:41.904Z] ----------------------------------------------------------------------
[debug] 
[debug] [2022-07-26T15:22:42.025Z] > command requires scopes: ["email","openid","https://www.googleapis.com/auth/cloudplatformprojects.readonly","https://www.googleapis.com/auth/firebase","https://www.googleapis.com/auth/cloud-platform"]
[debug] [2022-07-26T15:22:42.026Z] > authorizing via signed-in user (arjunjagotra2001@gmail.com)
[info] 
     ######## #### ########  ######## ########     ###     ######  ########
     ##        ##  ##     ## ##       ##     ##  ##   ##  ##       ##
     ######    ##  ########  ######   ########  #########  ######  ######
     ##        ##  ##    ##  ##       ##     ## ##     ##       ## ##
     ##       #### ##     ## ######## ########  ##     ##  ######  ########

You're about to initialize a Firebase project in this directory:

  C:\Users\Asus\.ssh\hotstar\disney

Before we get started, keep in mind:

  * You are initializing within an existing Firebase project directory

